[Thread-4] WEBORB ERROR:24/2/2010 08:22:11:Object reference not set to an instance of an object.    at System.Collections.Generic.Dictionary`2.Insert(TKey key, TValue value, Boolean add)
   at System.Collections.Generic.Dictionary`2.Add(TKey key, TValue value)
   at Weborb.Util.License.LicenseManager.GetInstance(Int32 productID)
   at Weborb.Util.Invocation.invoke(Object obj, MethodInfo method, Object[] arguments)
   at Weborb.Handler.ObjectHandler.invoke(String typeName, String function, Object[] arguments, RequestContext context)
[Thread-4] WEBORB ERROR:24/2/2010 08:22:11:System.NullReferenceException: Object reference not set to an instance of an object.
   at System.Collections.Generic.Dictionary`2.Insert(TKey key, TValue value, Boolean add)
   at System.Collections.Generic.Dictionary`2.set_Item(TKey key, TValue value)
   at Weborb.Writer.ObjectWriter.write(Object obj, IProtocolFormatter writer)
   at b.a(Object A_0, IProtocolFormatter A_1)
   at Weborb.Writer.MessageWriter.writeObject(Object obj, IProtocolFormatter formatter)
   at Weborb.Writer.AMFBodyWriter.write(Object obj, IProtocolFormatter writer)
   at Weborb.Writer.MessageWriter.writeObject(Object obj, IProtocolFormatter formatter)
   at Weborb.Writer.AMFMessageWriter.write(Object obj, IProtocolFormatter writer)
   at Weborb.Writer.MessageWriter.writeObject(Object obj, IProtocolFormatter formatter)
   at Weborb.ORBHttpHandler.a(Request A_0, HttpRequest A_1, HttpResponse A_2, RequestContext A_3)
   at Weborb.ORBHttpHandler.a(HttpContext A_0, HttpRequest A_1, HttpResponse A_2)
[Thread-4] WEBORB EXCEPTION:24/2/2010 17:10:13:Weborb.Protocols.UnknownRequestFormatException: cannot parse request. possible reasons: malformed request or protocol formatter is not registered 
   at Weborb.Protocols.ProtocolRegistry.BuildMessage(String contentType, Stream requestStream, NameValueCollection headers)
   at Weborb.ORBHttpHandler.a(HttpContext A_0, HttpRequest A_1, HttpResponse A_2)
