[Thread-8] WEBORB ERROR:10/2/2010 09:02:10:Object reference not set to an instance of an object.    at System.Collections.Generic.Dictionary`2.Insert(TKey key, TValue value, Boolean add)
   at System.Collections.Generic.Dictionary`2.Add(TKey key, TValue value)
   at Weborb.Util.License.LicenseManager.GetInstance(Int32 productID)
   at Weborb.Util.Invocation.invoke(Object obj, MethodInfo method, Object[] arguments)
   at Weborb.Handler.ObjectHandler.invoke(String typeName, String function, Object[] arguments, RequestContext context)
[Thread-8] WEBORB ERROR:10/2/2010 10:05:19:System.InvalidCastException: Unable to cast object of type 'System.Collections.Hashtable' to type 'Weborb.V3Types.V3Message'.
   at Weborb.Dispatch.V3Dispatcher.dispatch(Request message, RequestContext context)
   at Weborb.Dispatch.Dispatchers.dispatch(Request message, RequestContext context)
   at Weborb.ORBHttpHandler.a(HttpContext A_0, HttpRequest A_1, HttpResponse A_2)
[Thread-8] WEBORB ERROR:10/2/2010 10:05:19:An item with the same key has already been added.    at System.ThrowHelper.ThrowArgumentException(ExceptionResource resource)
   at System.Collections.Generic.Dictionary`2.Insert(TKey key, TValue value, Boolean add)
   at System.Collections.Generic.Dictionary`2.Add(TKey key, TValue value)
   at Weborb.Util.License.LicenseManager.GetInstance(Int32 productID)
   at Weborb.Util.Invocation.invoke(Object obj, MethodInfo method, Object[] arguments)
   at Weborb.Handler.ObjectHandler.invoke(String typeName, String function, Object[] arguments, RequestContext context)
[Thread-11] WEBORB ERROR:10/2/2010 10:05:19:An item with the same key has already been added.    at System.ThrowHelper.ThrowArgumentException(ExceptionResource resource)
   at System.Collections.Generic.Dictionary`2.Insert(TKey key, TValue value, Boolean add)
   at System.Collections.Generic.Dictionary`2.Add(TKey key, TValue value)
   at Weborb.Util.License.LicenseManager.GetInstance(Int32 productID)
   at Weborb.Util.Invocation.invoke(Object obj, MethodInfo method, Object[] arguments)
   at Weborb.Handler.ObjectHandler.invoke(String typeName, String function, Object[] arguments, RequestContext context)
[Thread-8] WEBORB ERROR:10/2/2010 10:20:27:System.MissingMethodException: unable to find method with name Lista_Notificacoes. Type is null
   at Weborb.Util.MethodLookup.findMethod(Type type, String methodName, Object[] arguments)
   at Weborb.Handler.ObjectHandler.invoke(String typeName, String function, Object[] arguments, RequestContext context)
[Thread-8] WEBORB ERROR:10/2/2010 10:20:27:Unable to find compression configuration, make sure you use the latest weborb.config. Compression is disabled.
[Thread-4] WEBORB ERROR:10/2/2010 10:20:27:An item with the same key has already been added.    at System.ThrowHelper.ThrowArgumentException(ExceptionResource resource)
   at System.Collections.Generic.Dictionary`2.Insert(TKey key, TValue value, Boolean add)
   at System.Collections.Generic.Dictionary`2.Add(TKey key, TValue value)
   at Weborb.Util.License.LicenseManager.GetInstance(Int32 productID)
   at Weborb.Util.Invocation.invoke(Object obj, MethodInfo method, Object[] arguments)
   at Weborb.Handler.ObjectHandler.invoke(String typeName, String function, Object[] arguments, RequestContext context)
[Thread-8] WEBORB ERROR:10/2/2010 10:20:27:An item with the same key has already been added.    at System.ThrowHelper.ThrowArgumentException(ExceptionResource resource)
   at System.Collections.Generic.Dictionary`2.Insert(TKey key, TValue value, Boolean add)
   at System.Collections.Generic.Dictionary`2.Add(TKey key, TValue value)
   at Weborb.Util.License.LicenseManager.GetInstance(Int32 productID)
   at Weborb.Util.Invocation.invoke(Object obj, MethodInfo method, Object[] arguments)
   at Weborb.Handler.ObjectHandler.invoke(String typeName, String function, Object[] arguments, RequestContext context)
