[Thread-11] WEBORB ERROR:11/1/2010 14:00:39:Object reference not set to an instance of an object.    at System.Collections.Generic.Dictionary`2.Insert(TKey key, TValue value, Boolean add)
   at System.Collections.Generic.Dictionary`2.Add(TKey key, TValue value)
   at Weborb.Util.License.LicenseManager.GetInstance(Int32 productID)
   at Weborb.Util.Invocation.invoke(Object obj, MethodInfo method, Object[] arguments)
   at Weborb.Handler.ObjectHandler.invoke(String typeName, String function, Object[] arguments, RequestContext context)
[Thread-9] WEBORB ERROR:11/1/2010 15:24:42:An item with the same key has already been added.    at System.ThrowHelper.ThrowArgumentException(ExceptionResource resource)
   at System.Collections.Generic.Dictionary`2.Insert(TKey key, TValue value, Boolean add)
   at System.Collections.Generic.Dictionary`2.Add(TKey key, TValue value)
   at Weborb.Util.License.LicenseManager.GetInstance(Int32 productID)
   at Weborb.Util.Invocation.invoke(Object obj, MethodInfo method, Object[] arguments)
   at Weborb.Handler.ObjectHandler.invoke(String typeName, String function, Object[] arguments, RequestContext context)
[Thread-4] WEBORB ERROR:11/1/2010 15:24:42:An item with the same key has already been added.    at System.ThrowHelper.ThrowArgumentException(ExceptionResource resource)
   at System.Collections.Generic.Dictionary`2.Insert(TKey key, TValue value, Boolean add)
   at System.Collections.Generic.Dictionary`2.Add(TKey key, TValue value)
   at Weborb.Util.License.LicenseManager.GetInstance(Int32 productID)
   at Weborb.Util.Invocation.invoke(Object obj, MethodInfo method, Object[] arguments)
   at Weborb.Handler.ObjectHandler.invoke(String typeName, String function, Object[] arguments, RequestContext context)
[Thread-12] WEBORB ERROR:11/1/2010 15:40:47:Object reference not set to an instance of an object.    at System.Collections.Generic.Dictionary`2.Insert(TKey key, TValue value, Boolean add)
   at System.Collections.Generic.Dictionary`2.Add(TKey key, TValue value)
   at Weborb.Util.License.LicenseManager.GetInstance(Int32 productID)
   at Weborb.Util.Invocation.invoke(Object obj, MethodInfo method, Object[] arguments)
   at Weborb.Handler.ObjectHandler.invoke(String typeName, String function, Object[] arguments, RequestContext context)
