[Thread-11] WEBORB ERROR:8/2/2010 08:49:58:System.NullReferenceException: Object reference not set to an instance of an object.
   at System.Collections.Generic.Dictionary`2.Insert(TKey key, TValue value, Boolean add)
   at System.Collections.Generic.Dictionary`2.set_Item(TKey key, TValue value)
   at Weborb.Writer.ObjectWriter.write(Object obj, IProtocolFormatter writer)
   at b.a(Object A_0, IProtocolFormatter A_1)
   at Weborb.Writer.MessageWriter.writeObject(Object obj, IProtocolFormatter formatter)
   at Weborb.Writer.AMFBodyWriter.write(Object obj, IProtocolFormatter writer)
   at Weborb.Writer.MessageWriter.writeObject(Object obj, IProtocolFormatter formatter)
   at Weborb.Writer.AMFMessageWriter.write(Object obj, IProtocolFormatter writer)
   at Weborb.Writer.MessageWriter.writeObject(Object obj, IProtocolFormatter formatter)
   at Weborb.ORBHttpHandler.a(Request A_0, HttpRequest A_1, HttpResponse A_2, RequestContext A_3)
   at Weborb.ORBHttpHandler.a(HttpContext A_0, HttpRequest A_1, HttpResponse A_2)
[Thread-4] WEBORB ERROR:8/2/2010 09:10:28:Db4objects.Db4o.Ext.InvalidIDException: Exception of type 'Db4objects.Db4o.Ext.InvalidIDException' was thrown. ---> Db4objects.Db4o.Ext.IncompatibleFileFormatException: Exception of type 'Db4objects.Db4o.Ext.IncompatibleFileFormatException' was thrown.
   at Db4objects.Db4o.Internal.IoAdaptedObjectContainer.CheckReadCount(Int32 bytesRead, Int32 expected)
   at Db4objects.Db4o.Internal.IoAdaptedObjectContainer.ReadBytes(Byte[] bytes, Int32 address, Int32 addressOffset, Int32 length)
   at Db4objects.Db4o.Internal.IoAdaptedObjectContainer.ReadBytes(Byte[] bytes, Int32 address, Int32 length)
   at Db4objects.Db4o.Internal.ByteArrayBuffer.ReadEncrypt(ObjectContainerBase stream, Int32 address)
   at Db4objects.Db4o.Internal.LocalObjectContainer.ReadReaderOrWriterBySlot(Transaction a_ta, Int32 a_id, Boolean useReader, Slot slot)
   at Db4objects.Db4o.Internal.LocalObjectContainer.ReadReaderOrWriterByID(Transaction a_ta, Int32 a_id, Boolean useReader, Boolean lastCommitted)
   at Db4objects.Db4o.Internal.LocalObjectContainer.ReadReaderByID(Transaction a_ta, Int32 a_id, Boolean lastCommitted)
   at Db4objects.Db4o.Internal.LocalObjectContainer.ReadReaderByID(Transaction trans, Int32 id)
   at Db4objects.Db4o.Internal.Marshall.UnmarshallingContext.ReadBuffer(Int32 id)
   at Db4objects.Db4o.Internal.Marshall.UnmarshallingContext.ReadInternal(Boolean doAdjustActivationDepthForPrefetch)
   at Db4objects.Db4o.Internal.Marshall.UnmarshallingContext.Read()
   at Db4objects.Db4o.Internal.ObjectReference.Read(Transaction trans, ByteArrayBuffer buffer, Object obj, IActivationDepth instantiationDepth, Int32 addToIDTree, Boolean checkIDTree)
   at Db4objects.Db4o.Internal.ObjectReference.Read(Transaction trans, IActivationDepth instantiationDepth, Int32 addToIDTree, Boolean checkIDTree)
   at Db4objects.Db4o.Internal.ObjectContainerBase.GetByID2(Transaction ta, Int32 id)
   at Db4objects.Db4o.Internal.ObjectContainerBase.GetByID(Transaction ta, Int64 id)
   --- End of inner exception stack trace ---
   at Db4objects.Db4o.Internal.ObjectContainerBase.CompleteTopLevelCall(Db4oException e)
   at Db4objects.Db4o.Internal.ObjectContainerBase.GetByID(Transaction ta, Int64 id)
   at Db4objects.Db4o.Internal.ExternalObjectContainer.GetByID(Int64 id)
   at SDE.CamadaServico.SBancoDados.Deleta(Int32 index, Int64 uuID) in C:\dev\sistemadaempresa\ambiente_desenvolvimento\marcos\lado_servidor\sde_marcos\SDE\code\CamadaServico\SBancoDados.cs:line 70
[Thread-4] WEBORB ERROR:8/2/2010 09:53:10:Object reference not set to an instance of an object.    at System.Collections.Generic.Dictionary`2.Insert(TKey key, TValue value, Boolean add)
   at System.Collections.Generic.Dictionary`2.Add(TKey key, TValue value)
   at Weborb.Util.License.LicenseManager.GetInstance(Int32 productID)
   at Weborb.Util.Invocation.invoke(Object obj, MethodInfo method, Object[] arguments)
   at Weborb.Handler.ObjectHandler.invoke(String typeName, String function, Object[] arguments, RequestContext context)
[Thread-8] WEBORB ERROR:8/2/2010 09:53:10:An item with the same key has already been added.    at System.ThrowHelper.ThrowArgumentException(ExceptionResource resource)
   at System.Collections.Generic.Dictionary`2.Insert(TKey key, TValue value, Boolean add)
   at System.Collections.Generic.Dictionary`2.Add(TKey key, TValue value)
   at Weborb.Util.License.LicenseManager.GetInstance(Int32 productID)
   at Weborb.Util.Invocation.invoke(Object obj, MethodInfo method, Object[] arguments)
   at Weborb.Handler.ObjectHandler.invoke(String typeName, String function, Object[] arguments, RequestContext context)
[Thread-8] WEBORB ERROR:8/2/2010 09:53:10:System.NullReferenceException: Object reference not set to an instance of an object.
   at System.Collections.Generic.Dictionary`2.Insert(TKey key, TValue value, Boolean add)
   at System.Collections.Generic.Dictionary`2.set_Item(TKey key, TValue value)
   at Weborb.Writer.ObjectWriter.write(Object obj, IProtocolFormatter writer)
   at b.a(Object A_0, IProtocolFormatter A_1)
   at Weborb.Writer.MessageWriter.writeObject(Object obj, IProtocolFormatter formatter)
   at Weborb.Writer.AMFBodyWriter.write(Object obj, IProtocolFormatter writer)
   at Weborb.Writer.MessageWriter.writeObject(Object obj, IProtocolFormatter formatter)
   at Weborb.Writer.AMFMessageWriter.write(Object obj, IProtocolFormatter writer)
   at Weborb.Writer.MessageWriter.writeObject(Object obj, IProtocolFormatter formatter)
   at Weborb.ORBHttpHandler.a(Request A_0, HttpRequest A_1, HttpResponse A_2, RequestContext A_3)
   at Weborb.ORBHttpHandler.a(HttpContext A_0, HttpRequest A_1, HttpResponse A_2)
[Thread-4] WEBORB ERROR:8/2/2010 10:23:16:Object reference not set to an instance of an object.    at System.Collections.Generic.Dictionary`2.Insert(TKey key, TValue value, Boolean add)
   at System.Collections.Generic.Dictionary`2.Add(TKey key, TValue value)
   at Weborb.Util.License.LicenseManager.GetInstance(Int32 productID)
   at Weborb.Util.Invocation.invoke(Object obj, MethodInfo method, Object[] arguments)
   at Weborb.Handler.ObjectHandler.invoke(String typeName, String function, Object[] arguments, RequestContext context)
[Thread-4] WEBORB ERROR:8/2/2010 10:23:16:System.NullReferenceException: Object reference not set to an instance of an object.
   at System.Collections.Generic.Dictionary`2.Insert(TKey key, TValue value, Boolean add)
   at System.Collections.Generic.Dictionary`2.set_Item(TKey key, TValue value)
   at Weborb.Writer.ObjectWriter.write(Object obj, IProtocolFormatter writer)
   at b.a(Object A_0, IProtocolFormatter A_1)
   at Weborb.Writer.MessageWriter.writeObject(Object obj, IProtocolFormatter formatter)
   at Weborb.Writer.AMFBodyWriter.write(Object obj, IProtocolFormatter writer)
   at Weborb.Writer.MessageWriter.writeObject(Object obj, IProtocolFormatter formatter)
   at Weborb.Writer.AMFMessageWriter.write(Object obj, IProtocolFormatter writer)
   at Weborb.Writer.MessageWriter.writeObject(Object obj, IProtocolFormatter formatter)
   at Weborb.ORBHttpHandler.a(Request A_0, HttpRequest A_1, HttpResponse A_2, RequestContext A_3)
   at Weborb.ORBHttpHandler.a(HttpContext A_0, HttpRequest A_1, HttpResponse A_2)
[Thread-8] WEBORB ERROR:8/2/2010 17:18:52:Object reference not set to an instance of an object.    at System.Collections.Generic.Dictionary`2.Insert(TKey key, TValue value, Boolean add)
   at System.Collections.Generic.Dictionary`2.Add(TKey key, TValue value)
   at Weborb.Util.License.LicenseManager.GetInstance(Int32 productID)
   at Weborb.Util.Invocation.invoke(Object obj, MethodInfo method, Object[] arguments)
   at Weborb.Handler.ObjectHandler.invoke(String typeName, String function, Object[] arguments, RequestContext context)
[Thread-4] WEBORB ERROR:8/2/2010 17:49:06:System.Exception: [erro anotado 38] Finan_TitulItem não encontrado. ID: 1    at SDE.CamadaNuvem.NuvemModificacoes.Finan_TituloBaixa(Int32 idCorp, Int32 idEmp, Int32 idClienteFuncionarioLogado, List`1 listaFinanTituloItem, Finan_Conta finanConta, String tipoPagamento) in C:\dev\sistemadaempresa\ambiente_desenvolvimento\marcos\lado_servidor\sde_marcos\SDE\code\CamadaNuvem\NuvemModificacoes_Financeiro.cs:line 874 ---> System.Exception: Finan_TitulItem não encontrado. ID: 1
   at SDE.CamadaNuvem.NuvemModificacoes.Finan_TituloBaixa(Int32 idCorp, Int32 idEmp, Int32 idClienteFuncionarioLogado, List`1 listaFinanTituloItem, Finan_Conta finanConta, String tipoPagamento) in C:\dev\sistemadaempresa\ambiente_desenvolvimento\marcos\lado_servidor\sde_marcos\SDE\code\CamadaNuvem\NuvemModificacoes_Financeiro.cs:line 874
   --- End of inner exception stack trace ---
   at SDE.CamadaNuvem.SuperNuvem.dbRollback(Exception ex, IObjectContainer[] dbList) in C:\dev\sistemadaempresa\ambiente_desenvolvimento\marcos\lado_servidor\sde_marcos\SDE\code\CamadaNuvem\SuperNuvem.cs:line 65
   at SDE.CamadaNuvem.NuvemModificacoes.Finan_TituloBaixa(Int32 idCorp, Int32 idEmp, Int32 idClienteFuncionarioLogado, List`1 listaFinanTituloItem, Finan_Conta finanConta, String tipoPagamento) in C:\dev\sistemadaempresa\ambiente_desenvolvimento\marcos\lado_servidor\sde_marcos\SDE\code\CamadaNuvem\NuvemModificacoes_Financeiro.cs:line 993
[Thread-8] WEBORB ERROR:8/2/2010 18:20:37:System.InvalidCastException: Unable to cast object of type 'System.Collections.Hashtable' to type 'Weborb.V3Types.V3Message'.
   at Weborb.Dispatch.V3Dispatcher.dispatch(Request message, RequestContext context)
   at Weborb.Dispatch.Dispatchers.dispatch(Request message, RequestContext context)
   at Weborb.ORBHttpHandler.a(HttpContext A_0, HttpRequest A_1, HttpResponse A_2)
[Thread-10] WEBORB ERROR:8/2/2010 18:20:38:An item with the same key has already been added.    at System.ThrowHelper.ThrowArgumentException(ExceptionResource resource)
   at System.Collections.Generic.Dictionary`2.Insert(TKey key, TValue value, Boolean add)
   at System.Collections.Generic.Dictionary`2.Add(TKey key, TValue value)
   at Weborb.Util.License.LicenseManager.GetInstance(Int32 productID)
   at Weborb.Util.Invocation.invoke(Object obj, MethodInfo method, Object[] arguments)
   at Weborb.Handler.ObjectHandler.invoke(String typeName, String function, Object[] arguments, RequestContext context)
