[Thread-4] WEBORB ERROR:15/3/2010 10:17:34:Object reference not set to an instance of an object.    at System.Collections.Generic.Dictionary`2.Insert(TKey key, TValue value, Boolean add)
   at System.Collections.Generic.Dictionary`2.Add(TKey key, TValue value)
   at Weborb.Util.License.LicenseManager.GetInstance(Int32 productID)
   at Weborb.Util.Invocation.invoke(Object obj, MethodInfo method, Object[] arguments)
   at Weborb.Handler.ObjectHandler.invoke(String typeName, String function, Object[] arguments, RequestContext context)
[Thread-11] WEBORB ERROR:15/3/2010 10:17:34:An item with the same key has already been added.    at System.ThrowHelper.ThrowArgumentException(ExceptionResource resource)
   at System.Collections.Generic.Dictionary`2.Insert(TKey key, TValue value, Boolean add)
   at System.Collections.Generic.Dictionary`2.Add(TKey key, TValue value)
   at Weborb.Util.License.LicenseManager.GetInstance(Int32 productID)
   at Weborb.Util.Invocation.invoke(Object obj, MethodInfo method, Object[] arguments)
   at Weborb.Handler.ObjectHandler.invoke(String typeName, String function, Object[] arguments, RequestContext context)
[Thread-4] WEBORB ERROR:15/3/2010 17:21:01:Object reference not set to an instance of an object.    at System.Collections.Generic.Dictionary`2.Insert(TKey key, TValue value, Boolean add)
   at System.Collections.Generic.Dictionary`2.Add(TKey key, TValue value)
   at Weborb.Util.License.LicenseManager.GetInstance(Int32 productID)
   at Weborb.Util.Invocation.invoke(Object obj, MethodInfo method, Object[] arguments)
   at Weborb.Handler.ObjectHandler.invoke(String typeName, String function, Object[] arguments, RequestContext context)
[Thread-4] WEBORB ERROR:15/3/2010 17:21:01:System.NullReferenceException: Object reference not set to an instance of an object.
   at System.Collections.Generic.Dictionary`2.Insert(TKey key, TValue value, Boolean add)
   at System.Collections.Generic.Dictionary`2.set_Item(TKey key, TValue value)
   at Weborb.Writer.ObjectWriter.write(Object obj, IProtocolFormatter writer)
   at b.a(Object A_0, IProtocolFormatter A_1)
   at Weborb.Writer.MessageWriter.writeObject(Object obj, IProtocolFormatter formatter)
   at Weborb.Writer.AMFBodyWriter.write(Object obj, IProtocolFormatter writer)
   at Weborb.Writer.MessageWriter.writeObject(Object obj, IProtocolFormatter formatter)
   at Weborb.Writer.AMFMessageWriter.write(Object obj, IProtocolFormatter writer)
   at Weborb.Writer.MessageWriter.writeObject(Object obj, IProtocolFormatter formatter)
   at Weborb.ORBHttpHandler.a(Request A_0, HttpRequest A_1, HttpResponse A_2, RequestContext A_3)
   at Weborb.ORBHttpHandler.a(HttpContext A_0, HttpRequest A_1, HttpResponse A_2)
