[Thread-14] WEBORB ERROR:16/4/2010 09:17:52:System.InvalidCastException: Unable to cast object of type 'System.Collections.Hashtable' to type 'Weborb.V3Types.V3Message'.
   at Weborb.Dispatch.V3Dispatcher.dispatch(Request message, RequestContext context)
   at Weborb.Dispatch.Dispatchers.dispatch(Request message, RequestContext context)
   at Weborb.ORBHttpHandler.a(HttpContext A_0, HttpRequest A_1, HttpResponse A_2)
[Thread-4] WEBORB ERROR:16/4/2010 09:17:52:System.InvalidCastException: Unable to cast object of type 'System.Collections.Hashtable' to type 'Weborb.V3Types.V3Message'.
   at Weborb.Dispatch.V3Dispatcher.dispatch(Request message, RequestContext context)
   at Weborb.Dispatch.Dispatchers.dispatch(Request message, RequestContext context)
   at Weborb.ORBHttpHandler.a(HttpContext A_0, HttpRequest A_1, HttpResponse A_2)
[Thread-9] WEBORB ERROR:16/4/2010 09:20:54:Object reference not set to an instance of an object.    at System.Collections.Generic.Dictionary`2.Insert(TKey key, TValue value, Boolean add)
   at System.Collections.Generic.Dictionary`2.Add(TKey key, TValue value)
   at Weborb.Util.License.LicenseManager.GetInstance(Int32 productID)
   at Weborb.Util.Invocation.invoke(Object obj, MethodInfo method, Object[] arguments)
   at Weborb.Handler.ObjectHandler.invoke(String typeName, String function, Object[] arguments, RequestContext context)
[Thread-8] WEBORB ERROR:16/4/2010 11:40:18:Object reference not set to an instance of an object.    at System.Collections.Generic.Dictionary`2.Insert(TKey key, TValue value, Boolean add)
   at System.Collections.Generic.Dictionary`2.Add(TKey key, TValue value)
   at Weborb.Util.License.LicenseManager.GetInstance(Int32 productID)
   at Weborb.Util.Invocation.invoke(Object obj, MethodInfo method, Object[] arguments)
   at Weborb.Handler.ObjectHandler.invoke(String typeName, String function, Object[] arguments, RequestContext context)
[Thread-8] WEBORB ERROR:16/4/2010 12:04:04:An item with the same key has already been added.    at System.ThrowHelper.ThrowArgumentException(ExceptionResource resource)
   at System.Collections.Generic.Dictionary`2.Insert(TKey key, TValue value, Boolean add)
   at System.Collections.Generic.Dictionary`2.Add(TKey key, TValue value)
   at Weborb.Util.License.LicenseManager.GetInstance(Int32 productID)
   at Weborb.Util.Invocation.invoke(Object obj, MethodInfo method, Object[] arguments)
   at Weborb.Handler.ObjectHandler.invoke(String typeName, String function, Object[] arguments, RequestContext context)
[Thread-8] WEBORB ERROR:16/4/2010 12:04:04:System.NullReferenceException: Object reference not set to an instance of an object.
   at System.Collections.Generic.Dictionary`2.Insert(TKey key, TValue value, Boolean add)
   at System.Collections.Generic.Dictionary`2.set_Item(TKey key, TValue value)
   at Weborb.Writer.ObjectWriter.write(Object obj, IProtocolFormatter writer)
   at b.a(Object A_0, IProtocolFormatter A_1)
   at Weborb.Writer.MessageWriter.writeObject(Object obj, IProtocolFormatter formatter)
   at Weborb.Writer.AMFBodyWriter.write(Object obj, IProtocolFormatter writer)
   at Weborb.Writer.MessageWriter.writeObject(Object obj, IProtocolFormatter formatter)
   at Weborb.Writer.AMFMessageWriter.write(Object obj, IProtocolFormatter writer)
   at Weborb.Writer.MessageWriter.writeObject(Object obj, IProtocolFormatter formatter)
   at Weborb.ORBHttpHandler.a(Request A_0, HttpRequest A_1, HttpResponse A_2, RequestContext A_3)
   at Weborb.ORBHttpHandler.a(HttpContext A_0, HttpRequest A_1, HttpResponse A_2)
[Thread-11] WEBORB ERROR:16/4/2010 17:14:41:An item with the same key has already been added.    at System.ThrowHelper.ThrowArgumentException(ExceptionResource resource)
   at System.Collections.Generic.Dictionary`2.Insert(TKey key, TValue value, Boolean add)
   at System.Collections.Generic.Dictionary`2.Add(TKey key, TValue value)
   at Weborb.Util.License.LicenseManager.GetInstance(Int32 productID)
   at Weborb.Util.Invocation.invoke(Object obj, MethodInfo method, Object[] arguments)
   at Weborb.Handler.ObjectHandler.invoke(String typeName, String function, Object[] arguments, RequestContext context)
