[Thread-4] WEBORB ERROR:16/1/2010 15:10:37:System.Exception: [erro anotado 2] Index was outside the bounds of the array.    at Db4objects.Db4o.Internal.Query.Result.IdListQueryResult.GetId(Int32 index)
   at Db4objects.Db4o.Internal.Query.Result.IdListQueryResult.Get(Int32 index)
   at Db4objects.Db4o.Internal.Query.Result.StatefulQueryResult.Get(Int32 index)
   at Db4objects.Db4o.Internal.Query.ObjectSetFacade.get_Item(Int32 index)
   at SDE.CamadaNuvem.NuvemModificacoes.Finan_ChequeAltera(Int32 idCorp, Int32 idEmp, Int32 idClienteFuncionarioLogado, Finan_Titulo finanTitulo) in C:\dev\sistemadaempresa\ambiente_desenvolvimento\marcos\lado_servidor\sde_marcos\SDE\code\CamadaNuvem\NuvemModificacoes_Financeiro.cs:line 633 ---> System.IndexOutOfRangeException: Index was outside the bounds of the array.
   at Db4objects.Db4o.Internal.Query.Result.IdListQueryResult.GetId(Int32 index)
   at Db4objects.Db4o.Internal.Query.Result.IdListQueryResult.Get(Int32 index)
   at Db4objects.Db4o.Internal.Query.Result.StatefulQueryResult.Get(Int32 index)
   at Db4objects.Db4o.Internal.Query.ObjectSetFacade.get_Item(Int32 index)
   at SDE.CamadaNuvem.NuvemModificacoes.Finan_ChequeAltera(Int32 idCorp, Int32 idEmp, Int32 idClienteFuncionarioLogado, Finan_Titulo finanTitulo) in C:\dev\sistemadaempresa\ambiente_desenvolvimento\marcos\lado_servidor\sde_marcos\SDE\code\CamadaNuvem\NuvemModificacoes_Financeiro.cs:line 633
   --- End of inner exception stack trace ---
   at SDE.CamadaNuvem.SuperNuvem.dbRollback(Exception ex, IObjectContainer[] dbList) in C:\dev\sistemadaempresa\ambiente_desenvolvimento\marcos\lado_servidor\sde_marcos\SDE\code\CamadaNuvem\SuperNuvem.cs:line 65
   at SDE.CamadaNuvem.NuvemModificacoes.Finan_ChequeAltera(Int32 idCorp, Int32 idEmp, Int32 idClienteFuncionarioLogado, Finan_Titulo finanTitulo) in C:\dev\sistemadaempresa\ambiente_desenvolvimento\marcos\lado_servidor\sde_marcos\SDE\code\CamadaNuvem\NuvemModificacoes_Financeiro.cs:line 644
[Thread-10] WEBORB ERROR:16/1/2010 15:12:29:System.Exception: [erro anotado 2] Index was outside the bounds of the array.    at Db4objects.Db4o.Internal.Query.Result.IdListQueryResult.GetId(Int32 index)
   at Db4objects.Db4o.Internal.Query.Result.IdListQueryResult.Get(Int32 index)
   at Db4objects.Db4o.Internal.Query.Result.StatefulQueryResult.Get(Int32 index)
   at Db4objects.Db4o.Internal.Query.ObjectSetFacade.get_Item(Int32 index)
   at SDE.CamadaNuvem.NuvemModificacoes.Finan_ChequeAltera(Int32 idCorp, Int32 idEmp, Int32 idClienteFuncionarioLogado, Finan_Titulo finanTitulo) in C:\dev\sistemadaempresa\ambiente_desenvolvimento\marcos\lado_servidor\sde_marcos\SDE\code\CamadaNuvem\NuvemModificacoes_Financeiro.cs:line 633 ---> System.IndexOutOfRangeException: Index was outside the bounds of the array.
   at Db4objects.Db4o.Internal.Query.Result.IdListQueryResult.GetId(Int32 index)
   at Db4objects.Db4o.Internal.Query.Result.IdListQueryResult.Get(Int32 index)
   at Db4objects.Db4o.Internal.Query.Result.StatefulQueryResult.Get(Int32 index)
   at Db4objects.Db4o.Internal.Query.ObjectSetFacade.get_Item(Int32 index)
   at SDE.CamadaNuvem.NuvemModificacoes.Finan_ChequeAltera(Int32 idCorp, Int32 idEmp, Int32 idClienteFuncionarioLogado, Finan_Titulo finanTitulo) in C:\dev\sistemadaempresa\ambiente_desenvolvimento\marcos\lado_servidor\sde_marcos\SDE\code\CamadaNuvem\NuvemModificacoes_Financeiro.cs:line 633
   --- End of inner exception stack trace ---
   at SDE.CamadaNuvem.SuperNuvem.dbRollback(Exception ex, IObjectContainer[] dbList) in C:\dev\sistemadaempresa\ambiente_desenvolvimento\marcos\lado_servidor\sde_marcos\SDE\code\CamadaNuvem\SuperNuvem.cs:line 65
   at SDE.CamadaNuvem.NuvemModificacoes.Finan_ChequeAltera(Int32 idCorp, Int32 idEmp, Int32 idClienteFuncionarioLogado, Finan_Titulo finanTitulo) in C:\dev\sistemadaempresa\ambiente_desenvolvimento\marcos\lado_servidor\sde_marcos\SDE\code\CamadaNuvem\NuvemModificacoes_Financeiro.cs:line 644
[Thread-4] WEBORB ERROR:16/1/2010 15:13:06:System.Exception: [erro anotado 2] Index was outside the bounds of the array.    at Db4objects.Db4o.Internal.Query.Result.IdListQueryResult.GetId(Int32 index)
   at Db4objects.Db4o.Internal.Query.Result.IdListQueryResult.Get(Int32 index)
   at Db4objects.Db4o.Internal.Query.Result.StatefulQueryResult.Get(Int32 index)
   at Db4objects.Db4o.Internal.Query.ObjectSetFacade.get_Item(Int32 index)
   at SDE.CamadaNuvem.NuvemModificacoes.Finan_ChequeAltera(Int32 idCorp, Int32 idEmp, Int32 idClienteFuncionarioLogado, Finan_Titulo finanTitulo) in C:\dev\sistemadaempresa\ambiente_desenvolvimento\marcos\lado_servidor\sde_marcos\SDE\code\CamadaNuvem\NuvemModificacoes_Financeiro.cs:line 633 ---> System.IndexOutOfRangeException: Index was outside the bounds of the array.
   at Db4objects.Db4o.Internal.Query.Result.IdListQueryResult.GetId(Int32 index)
   at Db4objects.Db4o.Internal.Query.Result.IdListQueryResult.Get(Int32 index)
   at Db4objects.Db4o.Internal.Query.Result.StatefulQueryResult.Get(Int32 index)
   at Db4objects.Db4o.Internal.Query.ObjectSetFacade.get_Item(Int32 index)
   at SDE.CamadaNuvem.NuvemModificacoes.Finan_ChequeAltera(Int32 idCorp, Int32 idEmp, Int32 idClienteFuncionarioLogado, Finan_Titulo finanTitulo) in C:\dev\sistemadaempresa\ambiente_desenvolvimento\marcos\lado_servidor\sde_marcos\SDE\code\CamadaNuvem\NuvemModificacoes_Financeiro.cs:line 633
   --- End of inner exception stack trace ---
   at SDE.CamadaNuvem.SuperNuvem.dbRollback(Exception ex, IObjectContainer[] dbList) in C:\dev\sistemadaempresa\ambiente_desenvolvimento\marcos\lado_servidor\sde_marcos\SDE\code\CamadaNuvem\SuperNuvem.cs:line 65
   at SDE.CamadaNuvem.NuvemModificacoes.Finan_ChequeAltera(Int32 idCorp, Int32 idEmp, Int32 idClienteFuncionarioLogado, Finan_Titulo finanTitulo) in C:\dev\sistemadaempresa\ambiente_desenvolvimento\marcos\lado_servidor\sde_marcos\SDE\code\CamadaNuvem\NuvemModificacoes_Financeiro.cs:line 644
[Thread-8] WEBORB ERROR:16/1/2010 16:57:42:An item with the same key has already been added.    at System.ThrowHelper.ThrowArgumentException(ExceptionResource resource)
   at System.Collections.Generic.Dictionary`2.Insert(TKey key, TValue value, Boolean add)
   at System.Collections.Generic.Dictionary`2.Add(TKey key, TValue value)
   at Weborb.Util.License.LicenseManager.GetInstance(Int32 productID)
   at Weborb.Util.Invocation.invoke(Object obj, MethodInfo method, Object[] arguments)
   at Weborb.Handler.ObjectHandler.invoke(String typeName, String function, Object[] arguments, RequestContext context)
[Thread-11] WEBORB ERROR:16/1/2010 16:57:42:An item with the same key has already been added.    at System.ThrowHelper.ThrowArgumentException(ExceptionResource resource)
   at System.Collections.Generic.Dictionary`2.Insert(TKey key, TValue value, Boolean add)
   at System.Collections.Generic.Dictionary`2.Add(TKey key, TValue value)
   at Weborb.Util.License.LicenseManager.GetInstance(Int32 productID)
   at Weborb.Util.Invocation.invoke(Object obj, MethodInfo method, Object[] arguments)
   at Weborb.Handler.ObjectHandler.invoke(String typeName, String function, Object[] arguments, RequestContext context)
[Thread-11] WEBORB ERROR:16/1/2010 18:01:51:System.ArgumentException: Object of type 'System.String' cannot be converted to type 'SDE.Enumerador.EContaTipo'.
   at System.RuntimeType.CheckValue(Object value, Binder binder, CultureInfo culture, BindingFlags invokeAttr)
   at System.Reflection.RtFieldInfo.InternalSetValue(Object obj, Object value, BindingFlags invokeAttr, Binder binder, CultureInfo culture, Boolean doVisibilityCheck, Boolean doCheckConsistency)
   at System.Reflection.RtFieldInfo.InternalSetValue(Object obj, Object value, BindingFlags invokeAttr, Binder binder, CultureInfo culture, Boolean doVisibilityCheck)
   at System.Reflection.RtFieldInfo.SetValue(Object obj, Object value, BindingFlags invokeAttr, Binder binder, CultureInfo culture)
   at System.Reflection.FieldInfo.SetValue(Object obj, Object value)
   at SDE.CamadaControle.CBanco.EditaCampo(IObjectContainer db, Int64 uuID, String campo, Object valor) in C:\dev\sistemadaempresa\ambiente_desenvolvimento\marcos\lado_servidor\sde_marcos\SDE\code\CamadaControle\CBanco.cs:line 87
   at SDE.CamadaServico.SBancoDados.EditaCampo(Int32 index, Int64 uuID, String campo, Object valor) in C:\dev\sistemadaempresa\ambiente_desenvolvimento\marcos\lado_servidor\sde_marcos\SDE\code\CamadaServico\SBancoDados.cs:line 64
