[Thread-5] WEBORB ERROR:8/5/2010 12:09:02:Referência de objeto não definida para uma instância de um objeto.    em System.Collections.Generic.Dictionary`2.Insert(TKey key, TValue value, Boolean add)
   em System.Collections.Generic.Dictionary`2.Add(TKey key, TValue value)
   em Weborb.Util.License.LicenseManager.GetInstance(Int32 productID)
   em Weborb.Util.Invocation.invoke(Object obj, MethodInfo method, Object[] arguments)
   em Weborb.Handler.ObjectHandler.invoke(String typeName, String function, Object[] arguments, RequestContext context)
[Thread-4] WEBORB ERROR:8/5/2010 12:10:27:Referência de objeto não definida para uma instância de um objeto.    em System.Collections.Generic.Dictionary`2.Insert(TKey key, TValue value, Boolean add)
   em System.Collections.Generic.Dictionary`2.Add(TKey key, TValue value)
   em Weborb.Util.License.LicenseManager.GetInstance(Int32 productID)
   em Weborb.Util.Invocation.invoke(Object obj, MethodInfo method, Object[] arguments)
   em Weborb.Handler.ObjectHandler.invoke(String typeName, String function, Object[] arguments, RequestContext context)
[Thread-4] WEBORB ERROR:8/5/2010 12:10:27:System.NullReferenceException: Referência de objeto não definida para uma instância de um objeto.
   em System.Collections.Generic.Dictionary`2.Insert(TKey key, TValue value, Boolean add)
   em System.Collections.Generic.Dictionary`2.set_Item(TKey key, TValue value)
   em Weborb.Writer.ObjectWriter.write(Object obj, IProtocolFormatter writer)
   em b.a(Object A_0, IProtocolFormatter A_1)
   em Weborb.Writer.MessageWriter.writeObject(Object obj, IProtocolFormatter formatter)
   em Weborb.Writer.AMFBodyWriter.write(Object obj, IProtocolFormatter writer)
   em Weborb.Writer.MessageWriter.writeObject(Object obj, IProtocolFormatter formatter)
   em Weborb.Writer.AMFMessageWriter.write(Object obj, IProtocolFormatter writer)
   em Weborb.Writer.MessageWriter.writeObject(Object obj, IProtocolFormatter formatter)
   em Weborb.ORBHttpHandler.a(Request A_0, HttpRequest A_1, HttpResponse A_2, RequestContext A_3)
   em Weborb.ORBHttpHandler.a(HttpContext A_0, HttpRequest A_1, HttpResponse A_2)
[Thread-9] WEBORB ERROR:8/5/2010 12:11:37:Já foi adicionado um item com a mesma chave.    em System.ThrowHelper.ThrowArgumentException(ExceptionResource resource)
   em System.Collections.Generic.Dictionary`2.Insert(TKey key, TValue value, Boolean add)
   em System.Collections.Generic.Dictionary`2.Add(TKey key, TValue value)
   em Weborb.Util.License.LicenseManager.GetInstance(Int32 productID)
   em Weborb.Util.Invocation.invoke(Object obj, MethodInfo method, Object[] arguments)
   em Weborb.Handler.ObjectHandler.invoke(String typeName, String function, Object[] arguments, RequestContext context)
[Thread-9] WEBORB ERROR:8/5/2010 12:11:37:System.NullReferenceException: Referência de objeto não definida para uma instância de um objeto.
   em System.Collections.Generic.Dictionary`2.Insert(TKey key, TValue value, Boolean add)
   em System.Collections.Generic.Dictionary`2.set_Item(TKey key, TValue value)
   em Weborb.Writer.ObjectWriter.write(Object obj, IProtocolFormatter writer)
   em b.a(Object A_0, IProtocolFormatter A_1)
   em Weborb.Writer.MessageWriter.writeObject(Object obj, IProtocolFormatter formatter)
   em Weborb.Writer.AMFBodyWriter.write(Object obj, IProtocolFormatter writer)
   em Weborb.Writer.MessageWriter.writeObject(Object obj, IProtocolFormatter formatter)
   em Weborb.Writer.AMFMessageWriter.write(Object obj, IProtocolFormatter writer)
   em Weborb.Writer.MessageWriter.writeObject(Object obj, IProtocolFormatter formatter)
   em Weborb.ORBHttpHandler.a(Request A_0, HttpRequest A_1, HttpResponse A_2, RequestContext A_3)
   em Weborb.ORBHttpHandler.a(HttpContext A_0, HttpRequest A_1, HttpResponse A_2)
[Thread-4] WEBORB ERROR:8/5/2010 12:24:31:System.Exception: [erro anotado 56] Referência de objeto não definida para uma instância de um objeto.    em SDE.CamadaNuvem.NuvemModificacoes.StringToDateTime(String dataString) na C:\dev\sistemadaempresa\ambiente_desenvolvimento\marcos\lado_servidor\sde_marcos\SDE\code\CamadaNuvem\NuvemModificacoes_Tecnico.cs:linha 899
   em SDE.CamadaNuvem.NuvemModificacoes.Tecnico_FuncaoTemporaria(Int32 idCorp, Int32 idEmp, Int32 idClienteFuncionarioLogado) na C:\dev\sistemadaempresa\ambiente_desenvolvimento\marcos\lado_servidor\sde_marcos\SDE\code\CamadaNuvem\NuvemModificacoes_Tecnico.cs:linha 680 ---> System.NullReferenceException: Referência de objeto não definida para uma instância de um objeto.
   em SDE.CamadaNuvem.NuvemModificacoes.StringToDateTime(String dataString) na C:\dev\sistemadaempresa\ambiente_desenvolvimento\marcos\lado_servidor\sde_marcos\SDE\code\CamadaNuvem\NuvemModificacoes_Tecnico.cs:linha 899
   em SDE.CamadaNuvem.NuvemModificacoes.Tecnico_FuncaoTemporaria(Int32 idCorp, Int32 idEmp, Int32 idClienteFuncionarioLogado) na C:\dev\sistemadaempresa\ambiente_desenvolvimento\marcos\lado_servidor\sde_marcos\SDE\code\CamadaNuvem\NuvemModificacoes_Tecnico.cs:linha 680
   --- Fim do rastreamento de pilha de exceções internas ---
   em SDE.CamadaNuvem.SuperNuvem.dbRollback(Exception ex, IObjectContainer[] dbList) na C:\dev\sistemadaempresa\ambiente_desenvolvimento\marcos\lado_servidor\sde_marcos\SDE\code\CamadaNuvem\SuperNuvem.cs:linha 65
   em SDE.CamadaNuvem.NuvemModificacoes.Tecnico_FuncaoTemporaria(Int32 idCorp, Int32 idEmp, Int32 idClienteFuncionarioLogado) na C:\dev\sistemadaempresa\ambiente_desenvolvimento\marcos\lado_servidor\sde_marcos\SDE\code\CamadaNuvem\NuvemModificacoes_Tecnico.cs:linha 875
[Thread-10] WEBORB ERROR:8/5/2010 12:25:45:Referência de objeto não definida para uma instância de um objeto.    em System.Collections.Generic.Dictionary`2.Insert(TKey key, TValue value, Boolean add)
   em System.Collections.Generic.Dictionary`2.Add(TKey key, TValue value)
   em Weborb.Util.License.LicenseManager.GetInstance(Int32 productID)
   em Weborb.Util.Invocation.invoke(Object obj, MethodInfo method, Object[] arguments)
   em Weborb.Handler.ObjectHandler.invoke(String typeName, String function, Object[] arguments, RequestContext context)
[Thread-8] WEBORB ERROR:8/5/2010 12:25:45:Já foi adicionado um item com a mesma chave.    em System.ThrowHelper.ThrowArgumentException(ExceptionResource resource)
   em System.Collections.Generic.Dictionary`2.Insert(TKey key, TValue value, Boolean add)
   em System.Collections.Generic.Dictionary`2.Add(TKey key, TValue value)
   em Weborb.Util.License.LicenseManager.GetInstance(Int32 productID)
   em Weborb.Util.Invocation.invoke(Object obj, MethodInfo method, Object[] arguments)
   em Weborb.Handler.ObjectHandler.invoke(String typeName, String function, Object[] arguments, RequestContext context)
[Thread-10] WEBORB ERROR:8/5/2010 12:43:54:Referência de objeto não definida para uma instância de um objeto.    em System.Collections.Generic.Dictionary`2.Insert(TKey key, TValue value, Boolean add)
   em System.Collections.Generic.Dictionary`2.Add(TKey key, TValue value)
   em Weborb.Util.License.LicenseManager.GetInstance(Int32 productID)
   em Weborb.Util.Invocation.invoke(Object obj, MethodInfo method, Object[] arguments)
   em Weborb.Handler.ObjectHandler.invoke(String typeName, String function, Object[] arguments, RequestContext context)
[Thread-8] WEBORB ERROR:8/5/2010 12:43:54:Já foi adicionado um item com a mesma chave.    em System.ThrowHelper.ThrowArgumentException(ExceptionResource resource)
   em System.Collections.Generic.Dictionary`2.Insert(TKey key, TValue value, Boolean add)
   em System.Collections.Generic.Dictionary`2.Add(TKey key, TValue value)
   em Weborb.Util.License.LicenseManager.GetInstance(Int32 productID)
   em Weborb.Util.Invocation.invoke(Object obj, MethodInfo method, Object[] arguments)
   em Weborb.Handler.ObjectHandler.invoke(String typeName, String function, Object[] arguments, RequestContext context)
