VALOR:[Thread-4] WEBORB EXCEPTION:VALOR:27/7/2010 08:36:35:Exception: O índice estava fora dos limites da matriz. StackTrace: VALOR:   em Weborb.Protocols.Amf.RequestParser.readData(FlashorbBinaryReader reader, ParseContext parseContext, ITypeReader[] readers)
   em Weborb.Protocols.Amf.RequestParser.readData(FlashorbBinaryReader reader, ParseContext parseContext)
   em Weborb.Reader.V3ArrayReader.read(FlashorbBinaryReader reader, ParseContext parseContext)
   em Weborb.Protocols.Amf.RequestParser.readData(FlashorbBinaryReader reader, ParseContext parseContext, ITypeReader[] readers)
   em Weborb.Protocols.Amf.RequestParser.readData(FlashorbBinaryReader reader, ParseContext parseContext)
   em Weborb.Reader.V3ObjectReader.read(FlashorbBinaryReader reader, ParseContext parseContext)
   em Weborb.Protocols.Amf.RequestParser.readData(FlashorbBinaryReader reader, ParseContext parseContext, ITypeReader[] readers)
   em Weborb.Protocols.Amf.RequestParser.readData(FlashorbBinaryReader reader, ParseContext parseContext)
   em Weborb.Reader.V3Reader.read(FlashorbBinaryReader reader, ParseContext parseContext)
   em Weborb.Protocols.Amf.RequestParser.readData(FlashorbBinaryReader reader, ParseContext parseContext, ITypeReader[] readers)
   em Weborb.Protocols.Amf.RequestParser.readData(FlashorbBinaryReader reader, ParseContext parseContext)
   em Weborb.Reader.ArrayReader.read(FlashorbBinaryReader reader, ParseContext parseContext)
   em Weborb.Protocols.Amf.RequestParser.readData(FlashorbBinaryReader reader, ParseContext parseContext, ITypeReader[] readers)
   em Weborb.Protocols.Amf.RequestParser.readData(FlashorbBinaryReader reader)
   em Weborb.Protocols.Amf.RequestParser.a(FlashorbBinaryReader A_0)
   em Weborb.Protocols.Amf.RequestParser.readMessage(Stream input)
VALOR:[Thread-4] WEBORB EXCEPTION:VALOR:27/7/2010 08:36:35:Weborb.Protocols.UnknownRequestFormatException: cannot parse request. possible reasons: malformed request or protocol formatter is not registered 
VALOR:   em Weborb.Protocols.ProtocolRegistry.BuildMessage(String contentType, Stream requestStream, NameValueCollection headers)
   em Weborb.ORBHttpHandler.a(HttpContext A_0, HttpRequest A_1, HttpResponse A_2)
VALOR:[Thread-4] WEBORB ERROR:VALOR:27/7/2010 08:36:35:System.NotSupportedException: Não há suporte para o formato do caminho dado.
VALOR:   em System.Security.Util.StringExpressionSet.CanonicalizePath(String path, Boolean needFullPath)
   em System.Security.Util.StringExpressionSet.CreateListFromExpressions(String[] str, Boolean needFullPath)
   em System.Security.Permissions.FileIOPermission.AddPathList(FileIOPermissionAccess access, AccessControlActions control, String[] pathListOrig, Boolean checkForDuplicates, Boolean needFullPath, Boolean copyPathList)
   em System.Security.Permissions.FileIOPermission..ctor(FileIOPermissionAccess access, String[] pathList, Boolean checkForDuplicates, Boolean needFullPath)
   em System.IO.Directory.InternalGetFileDirectoryNames(String path, String userPathOriginal, String searchPattern, Boolean includeFiles, Boolean includeDirs, SearchOption searchOption)
   em System.IO.DirectoryInfo.GetFiles(String searchPattern, SearchOption searchOption)
   em System.IO.DirectoryInfo.GetFiles(String searchPattern)
   em Weborb.Util.TypeLoader.LoadType(String typeName)
VALOR:[Thread-4] WEBORB EXCEPTION:VALOR:27/7/2010 08:36:35:Exception: Não é possível ler depois do fim do fluxo. StackTrace: VALOR:   em System.IO.__Error.EndOfFile()
   em System.IO.BinaryReader.ReadByte()
   em Weborb.Protocols.Amf.RequestParser.readData(FlashorbBinaryReader reader, ParseContext parseContext, ITypeReader[] readers)
   em Weborb.Protocols.Amf.RequestParser.readData(FlashorbBinaryReader reader, ParseContext parseContext)
   em Weborb.Reader.V3ObjectReader.read(FlashorbBinaryReader reader, ParseContext parseContext)
   em Weborb.Protocols.Amf.RequestParser.readData(FlashorbBinaryReader reader, ParseContext parseContext, ITypeReader[] readers)
   em Weborb.Protocols.Amf.RequestParser.readData(FlashorbBinaryReader reader, ParseContext parseContext)
   em Weborb.Reader.V3ObjectReader.read(FlashorbBinaryReader reader, ParseContext parseContext)
   em Weborb.Protocols.Amf.RequestParser.readData(FlashorbBinaryReader reader, ParseContext parseContext, ITypeReader[] readers)
   em Weborb.Protocols.Amf.RequestParser.readData(FlashorbBinaryReader reader, ParseContext parseContext)
   em Weborb.Reader.V3Reader.read(FlashorbBinaryReader reader, ParseContext parseContext)
   em Weborb.Protocols.Amf.RequestParser.readData(FlashorbBinaryReader reader, ParseContext parseContext, ITypeReader[] readers)
   em Weborb.Protocols.Amf.RequestParser.readData(FlashorbBinaryReader reader, ParseContext parseContext)
   em Weborb.Reader.ArrayReader.read(FlashorbBinaryReader reader, ParseContext parseContext)
   em Weborb.Protocols.Amf.RequestParser.readData(FlashorbBinaryReader reader, ParseContext parseContext, ITypeReader[] readers)
   em Weborb.Protocols.Amf.RequestParser.readData(FlashorbBinaryReader reader)
   em Weborb.Protocols.Amf.RequestParser.a(FlashorbBinaryReader A_0)
   em Weborb.Protocols.Amf.RequestParser.readMessage(Stream input)
VALOR:[Thread-4] WEBORB EXCEPTION:VALOR:27/7/2010 08:36:35:Weborb.Protocols.UnknownRequestFormatException: cannot parse request. possible reasons: malformed request or protocol formatter is not registered 
VALOR:   em Weborb.Protocols.ProtocolRegistry.BuildMessage(String contentType, Stream requestStream, NameValueCollection headers)
   em Weborb.ORBHttpHandler.a(HttpContext A_0, HttpRequest A_1, HttpResponse A_2)
VALOR:[Thread-9] WEBORB ERROR:VALOR:27/7/2010 08:37:09:System.NotSupportedException: Não há suporte para o formato do caminho dado.
VALOR:   em System.Security.Util.StringExpressionSet.CanonicalizePath(String path, Boolean needFullPath)
   em System.Security.Util.StringExpressionSet.CreateListFromExpressions(String[] str, Boolean needFullPath)
   em System.Security.Permissions.FileIOPermission.AddPathList(FileIOPermissionAccess access, AccessControlActions control, String[] pathListOrig, Boolean checkForDuplicates, Boolean needFullPath, Boolean copyPathList)
   em System.Security.Permissions.FileIOPermission..ctor(FileIOPermissionAccess access, String[] pathList, Boolean checkForDuplicates, Boolean needFullPath)
   em System.IO.Directory.InternalGetFileDirectoryNames(String path, String userPathOriginal, String searchPattern, Boolean includeFiles, Boolean includeDirs, SearchOption searchOption)
   em System.IO.DirectoryInfo.GetFiles(String searchPattern, SearchOption searchOption)
   em System.IO.DirectoryInfo.GetFiles(String searchPattern)
   em Weborb.Util.TypeLoader.LoadType(String typeName)
VALOR:[Thread-9] WEBORB EXCEPTION:VALOR:27/7/2010 08:37:09:Exception: Não é possível ler depois do fim do fluxo. StackTrace: VALOR:   em System.IO.__Error.EndOfFile()
   em System.IO.BinaryReader.ReadByte()
   em Weborb.Protocols.Amf.RequestParser.readData(FlashorbBinaryReader reader, ParseContext parseContext, ITypeReader[] readers)
   em Weborb.Protocols.Amf.RequestParser.readData(FlashorbBinaryReader reader, ParseContext parseContext)
   em Weborb.Reader.V3ObjectReader.read(FlashorbBinaryReader reader, ParseContext parseContext)
   em Weborb.Protocols.Amf.RequestParser.readData(FlashorbBinaryReader reader, ParseContext parseContext, ITypeReader[] readers)
   em Weborb.Protocols.Amf.RequestParser.readData(FlashorbBinaryReader reader, ParseContext parseContext)
   em Weborb.Reader.V3ObjectReader.read(FlashorbBinaryReader reader, ParseContext parseContext)
   em Weborb.Protocols.Amf.RequestParser.readData(FlashorbBinaryReader reader, ParseContext parseContext, ITypeReader[] readers)
   em Weborb.Protocols.Amf.RequestParser.readData(FlashorbBinaryReader reader, ParseContext parseContext)
   em Weborb.Reader.V3Reader.read(FlashorbBinaryReader reader, ParseContext parseContext)
   em Weborb.Protocols.Amf.RequestParser.readData(FlashorbBinaryReader reader, ParseContext parseContext, ITypeReader[] readers)
   em Weborb.Protocols.Amf.RequestParser.readData(FlashorbBinaryReader reader, ParseContext parseContext)
   em Weborb.Reader.ArrayReader.read(FlashorbBinaryReader reader, ParseContext parseContext)
   em Weborb.Protocols.Amf.RequestParser.readData(FlashorbBinaryReader reader, ParseContext parseContext, ITypeReader[] readers)
   em Weborb.Protocols.Amf.RequestParser.readData(FlashorbBinaryReader reader)
   em Weborb.Protocols.Amf.RequestParser.a(FlashorbBinaryReader A_0)
   em Weborb.Protocols.Amf.RequestParser.readMessage(Stream input)
VALOR:[Thread-9] WEBORB EXCEPTION:VALOR:27/7/2010 08:37:09:Weborb.Protocols.UnknownRequestFormatException: cannot parse request. possible reasons: malformed request or protocol formatter is not registered 
VALOR:   em Weborb.Protocols.ProtocolRegistry.BuildMessage(String contentType, Stream requestStream, NameValueCollection headers)
   em Weborb.ORBHttpHandler.a(HttpContext A_0, HttpRequest A_1, HttpResponse A_2)
VALOR:[Thread-4] WEBORB ERROR:VALOR:27/7/2010 08:37:14:System.NotSupportedException: Não há suporte para o formato do caminho dado.
VALOR:   em System.Security.Util.StringExpressionSet.CanonicalizePath(String path, Boolean needFullPath)
   em System.Security.Util.StringExpressionSet.CreateListFromExpressions(String[] str, Boolean needFullPath)
   em System.Security.Permissions.FileIOPermission.AddPathList(FileIOPermissionAccess access, AccessControlActions control, String[] pathListOrig, Boolean checkForDuplicates, Boolean needFullPath, Boolean copyPathList)
   em System.Security.Permissions.FileIOPermission..ctor(FileIOPermissionAccess access, String[] pathList, Boolean checkForDuplicates, Boolean needFullPath)
   em System.IO.Directory.InternalGetFileDirectoryNames(String path, String userPathOriginal, String searchPattern, Boolean includeFiles, Boolean includeDirs, SearchOption searchOption)
   em System.IO.DirectoryInfo.GetFiles(String searchPattern, SearchOption searchOption)
   em System.IO.DirectoryInfo.GetFiles(String searchPattern)
   em Weborb.Util.TypeLoader.LoadType(String typeName)
VALOR:[Thread-4] WEBORB EXCEPTION:VALOR:27/7/2010 08:37:14:Exception: Não é possível ler depois do fim do fluxo. StackTrace: VALOR:   em System.IO.__Error.EndOfFile()
   em System.IO.BinaryReader.ReadByte()
   em Weborb.Protocols.Amf.RequestParser.readData(FlashorbBinaryReader reader, ParseContext parseContext, ITypeReader[] readers)
   em Weborb.Protocols.Amf.RequestParser.readData(FlashorbBinaryReader reader, ParseContext parseContext)
   em Weborb.Reader.V3ObjectReader.read(FlashorbBinaryReader reader, ParseContext parseContext)
   em Weborb.Protocols.Amf.RequestParser.readData(FlashorbBinaryReader reader, ParseContext parseContext, ITypeReader[] readers)
   em Weborb.Protocols.Amf.RequestParser.readData(FlashorbBinaryReader reader, ParseContext parseContext)
   em Weborb.Reader.V3ObjectReader.read(FlashorbBinaryReader reader, ParseContext parseContext)
   em Weborb.Protocols.Amf.RequestParser.readData(FlashorbBinaryReader reader, ParseContext parseContext, ITypeReader[] readers)
   em Weborb.Protocols.Amf.RequestParser.readData(FlashorbBinaryReader reader, ParseContext parseContext)
   em Weborb.Reader.V3Reader.read(FlashorbBinaryReader reader, ParseContext parseContext)
   em Weborb.Protocols.Amf.RequestParser.readData(FlashorbBinaryReader reader, ParseContext parseContext, ITypeReader[] readers)
   em Weborb.Protocols.Amf.RequestParser.readData(FlashorbBinaryReader reader, ParseContext parseContext)
   em Weborb.Reader.ArrayReader.read(FlashorbBinaryReader reader, ParseContext parseContext)
   em Weborb.Protocols.Amf.RequestParser.readData(FlashorbBinaryReader reader, ParseContext parseContext, ITypeReader[] readers)
   em Weborb.Protocols.Amf.RequestParser.readData(FlashorbBinaryReader reader)
   em Weborb.Protocols.Amf.RequestParser.a(FlashorbBinaryReader A_0)
   em Weborb.Protocols.Amf.RequestParser.readMessage(Stream input)
VALOR:[Thread-4] WEBORB EXCEPTION:VALOR:27/7/2010 08:37:14:Weborb.Protocols.UnknownRequestFormatException: cannot parse request. possible reasons: malformed request or protocol formatter is not registered 
VALOR:   em Weborb.Protocols.ProtocolRegistry.BuildMessage(String contentType, Stream requestStream, NameValueCollection headers)
   em Weborb.ORBHttpHandler.a(HttpContext A_0, HttpRequest A_1, HttpResponse A_2)
VALOR:[Thread-4] WEBORB ERROR:VALOR:27/7/2010 08:37:19:System.NotSupportedException: Não há suporte para o formato do caminho dado.
VALOR:   em System.Security.Util.StringExpressionSet.CanonicalizePath(String path, Boolean needFullPath)
   em System.Security.Util.StringExpressionSet.CreateListFromExpressions(String[] str, Boolean needFullPath)
   em System.Security.Permissions.FileIOPermission.AddPathList(FileIOPermissionAccess access, AccessControlActions control, String[] pathListOrig, Boolean checkForDuplicates, Boolean needFullPath, Boolean copyPathList)
   em System.Security.Permissions.FileIOPermission..ctor(FileIOPermissionAccess access, String[] pathList, Boolean checkForDuplicates, Boolean needFullPath)
   em System.IO.Directory.InternalGetFileDirectoryNames(String path, String userPathOriginal, String searchPattern, Boolean includeFiles, Boolean includeDirs, SearchOption searchOption)
   em System.IO.DirectoryInfo.GetFiles(String searchPattern, SearchOption searchOption)
   em System.IO.DirectoryInfo.GetFiles(String searchPattern)
   em Weborb.Util.TypeLoader.LoadType(String typeName)
VALOR:[Thread-4] WEBORB EXCEPTION:VALOR:27/7/2010 08:37:19:Exception: Não é possível ler depois do fim do fluxo. StackTrace: VALOR:   em System.IO.__Error.EndOfFile()
   em System.IO.BinaryReader.ReadByte()
   em Weborb.Protocols.Amf.RequestParser.readData(FlashorbBinaryReader reader, ParseContext parseContext, ITypeReader[] readers)
   em Weborb.Protocols.Amf.RequestParser.readData(FlashorbBinaryReader reader, ParseContext parseContext)
   em Weborb.Reader.V3ObjectReader.read(FlashorbBinaryReader reader, ParseContext parseContext)
   em Weborb.Protocols.Amf.RequestParser.readData(FlashorbBinaryReader reader, ParseContext parseContext, ITypeReader[] readers)
   em Weborb.Protocols.Amf.RequestParser.readData(FlashorbBinaryReader reader, ParseContext parseContext)
   em Weborb.Reader.V3ObjectReader.read(FlashorbBinaryReader reader, ParseContext parseContext)
   em Weborb.Protocols.Amf.RequestParser.readData(FlashorbBinaryReader reader, ParseContext parseContext, ITypeReader[] readers)
   em Weborb.Protocols.Amf.RequestParser.readData(FlashorbBinaryReader reader, ParseContext parseContext)
   em Weborb.Reader.V3Reader.read(FlashorbBinaryReader reader, ParseContext parseContext)
   em Weborb.Protocols.Amf.RequestParser.readData(FlashorbBinaryReader reader, ParseContext parseContext, ITypeReader[] readers)
   em Weborb.Protocols.Amf.RequestParser.readData(FlashorbBinaryReader reader, ParseContext parseContext)
   em Weborb.Reader.ArrayReader.read(FlashorbBinaryReader reader, ParseContext parseContext)
   em Weborb.Protocols.Amf.RequestParser.readData(FlashorbBinaryReader reader, ParseContext parseContext, ITypeReader[] readers)
   em Weborb.Protocols.Amf.RequestParser.readData(FlashorbBinaryReader reader)
   em Weborb.Protocols.Amf.RequestParser.a(FlashorbBinaryReader A_0)
   em Weborb.Protocols.Amf.RequestParser.readMessage(Stream input)
VALOR:[Thread-4] WEBORB EXCEPTION:VALOR:27/7/2010 08:37:19:Weborb.Protocols.UnknownRequestFormatException: cannot parse request. possible reasons: malformed request or protocol formatter is not registered 
VALOR:   em Weborb.Protocols.ProtocolRegistry.BuildMessage(String contentType, Stream requestStream, NameValueCollection headers)
   em Weborb.ORBHttpHandler.a(HttpContext A_0, HttpRequest A_1, HttpResponse A_2)
